INFO:    underlay of /etc/localtime required more than 50 (81) bind mounts
INFO:    underlay of /usr/bin/nvidia-smi required more than 50 (412) bind mounts
   Compiling run_sample_muti_gpu v0.1.0 (/project/tb901114-tb0014/run_cluster/run_sample_muti_gpu)
warning: unused import: `cudarc::driver::DeviceSlice`
  --> src/all_reduce.rs:31:13
   |
31 |         use cudarc::driver::DeviceSlice;
   |             ^^^^^^^^^^^^^^^^^^^^^^^^^^^
   |
   = note: `#[warn(unused_imports)]` on by default

warning: `run_sample_muti_gpu` (bin "run_sample_muti_gpu") generated 1 warning (run `cargo fix --bin "run_sample_muti_gpu"` to apply 1 suggestion)
    Finished `release` profile [optimized] target(s) in 45.51s
     Running `target/release/run_sample_muti_gpu --num-shards 2`
creating 2 child processes
Rank 1 spawned
Rank 0 spawned
[[4.3174]]
Tensor[[1, 1], f32, cuda:0] true
[0.3486]
Tensor[[1], f32, cuda:0] true
[[4.3174]]
Tensor[[1, 1], f32, cuda:1] true
[0.3486]
Tensor[[1], f32, cuda:1] true
[[4.3174]]
[[4.3174]]
Tensor[[1, 1], f32, cuda:1] true
Tensor[[1, 1], f32, cuda:0] true
[0.3486]
[0.3486]
Tensor[[1], f32, cuda:1] true
Tensor[[1], f32, cuda:0] true
[10.0802]
[10.0802]
Tensor[[], f32, cuda:1]
Tensor[[], f32, cuda:0]
[11.7967]
[11.7967]
Tensor[[], f32, cuda:1]
Tensor[[], f32, cuda:0]
[7.8978]
[7.8978]
Tensor[[], f32, cuda:1]
Tensor[[], f32, cuda:0]
[8.6471]
[8.6471]
Tensor[[], f32, cuda:1]
Tensor[[], f32, cuda:0]
[7.4542]
[7.4542]
Tensor[[], f32, cuda:0]
Tensor[[], f32, cuda:1]
[5.5928]
[5.5928]
Tensor[[], f32, cuda:0]
Tensor[[], f32, cuda:1]
[7.3297]
[7.3297]
Tensor[[], f32, cuda:1]
Tensor[[], f32, cuda:0]
[6.9435]
[6.9435]
Tensor[[], f32, cuda:0]
Tensor[[], f32, cuda:1]
[7.6039]
[7.6039]
Tensor[[], f32, cuda:0]
Tensor[[], f32, cuda:1]
[5.1653]
[5.1653]
Tensor[[], f32, cuda:1]
Tensor[[], f32, cuda:0]
[3.3214]
[3.3214]
Tensor[[], f32, cuda:0]
Tensor[[], f32, cuda:1]
[4.8958]
[4.8958]
Tensor[[], f32, cuda:0]
Tensor[[], f32, cuda:1]
[4.8090]
[4.8090]
Tensor[[], f32, cuda:0]
Tensor[[], f32, cuda:1]
[4.0350]
[4.0350]
Tensor[[], f32, cuda:0]
Tensor[[], f32, cuda:1]
[3.6169]
[3.6169]
Tensor[[], f32, cuda:0]
Tensor[[], f32, cuda:1]
[3.0582]
[3.0582]
Tensor[[], f32, cuda:1]
Tensor[[], f32, cuda:0]
[2.6181]
[2.6181]
Tensor[[], f32, cuda:1]
Tensor[[], f32, cuda:0]
[2.3692]
[2.3692]
Tensor[[], f32, cuda:0]
Tensor[[], f32, cuda:1]
[2.0260]
[2.0260]
Tensor[[], f32, cuda:0]
Tensor[[], f32, cuda:1]
[2.8444]
[2.8444]
Tensor[[], f32, cuda:0]
Tensor[[], f32, cuda:1]
[1.3989]
[1.3989]
Tensor[[], f32, cuda:0]
Tensor[[], f32, cuda:1]
[1.7070]
[1.7070]
Tensor[[], f32, cuda:0]
Tensor[[], f32, cuda:1]
[1.8087]
[1.8087]
Tensor[[], f32, cuda:1]
Tensor[[], f32, cuda:0]
[1.7847]
[1.7847]
Tensor[[], f32, cuda:0]
Tensor[[], f32, cuda:1]
[1.1345]
[1.1345]
Tensor[[], f32, cuda:1]
Tensor[[], f32, cuda:0]
[0.9299]
[0.9299]
Tensor[[], f32, cuda:0]
Tensor[[], f32, cuda:1]
[0.6369]
[0.6369]
Tensor[[], f32, cuda:0]
Tensor[[], f32, cuda:1]
[0.1589]
[0.1589]
Tensor[[], f32, cuda:0]
Tensor[[], f32, cuda:1]
[0.5142]
[0.5142]
Tensor[[], f32, cuda:1]
Tensor[[], f32, cuda:0]
[0.2696]
[0.2696]
Tensor[[], f32, cuda:0]
Tensor[[], f32, cuda:1]
[0.3552]
[0.3552]
Tensor[[], f32, cuda:0]
Tensor[[], f32, cuda:1]
[0.3456]
[0.3456]
Tensor[[], f32, cuda:1]
Tensor[[], f32, cuda:0]
[0.0612]
[0.0612]
Tensor[[], f32, cuda:0]
Tensor[[], f32, cuda:1]
[0.1927]
[0.1927]
Tensor[[], f32, cuda:1]
Tensor[[], f32, cuda:0]
[4.1744]
[4.1744]
Tensor[[], f32, cuda:0]
Tensor[[], f32, cuda:1]
[5.3164]
[5.3164]
Tensor[[], f32, cuda:0]
Tensor[[], f32, cuda:1]
[2.8880]
[2.8880]
Tensor[[], f32, cuda:0]
Tensor[[], f32, cuda:1]
[3.3621]
[3.3621]
Tensor[[], f32, cuda:0]
Tensor[[], f32, cuda:1]
[2.7053]
[2.7053]
Tensor[[], f32, cuda:1]
Tensor[[], f32, cuda:0]
[1.6396]
[1.6396]
Tensor[[], f32, cuda:0]
Tensor[[], f32, cuda:1]
[2.6877]
[2.6877]
Tensor[[], f32, cuda:0]
Tensor[[], f32, cuda:1]
[2.4723]
[2.4723]
Tensor[[], f32, cuda:1]
Tensor[[], f32, cuda:0]
[2.9020]
[2.9020]
Tensor[[], f32, cuda:0]
Tensor[[], f32, cuda:1]
[1.5402]
[1.5402]
Tensor[[], f32, cuda:0]
Tensor[[], f32, cuda:1]
[0.6331]
[0.6331]
Tensor[[], f32, cuda:1]
Tensor[[], f32, cuda:0]
[1.4968]
[1.4968]
Tensor[[], f32, cuda:1]
Tensor[[], f32, cuda:0]
[1.4158]
[1.4158]
Tensor[[], f32, cuda:0]
Tensor[[], f32, cuda:1]
[1.0368]
[1.0368]
Tensor[[], f32, cuda:0]
Tensor[[], f32, cuda:1]
[0.8883]
[0.8883]
Tensor[[], f32, cuda:1]
Tensor[[], f32, cuda:0]
[0.6515]
[0.6515]
Tensor[[], f32, cuda:0]
Tensor[[], f32, cuda:1]
[0.4516]
[0.4516]
Tensor[[], f32, cuda:1]
Tensor[[], f32, cuda:0]
[0.3965]
[0.3965]
Tensor[[], f32, cuda:0]
Tensor[[], f32, cuda:1]
[0.3691]
[0.3691]
Tensor[[], f32, cuda:1]
Tensor[[], f32, cuda:0]
[0.6330]
[0.6330]
Tensor[[], f32, cuda:0]
Tensor[[], f32, cuda:1]
[0.1439]
[0.1439]
Tensor[[], f32, cuda:0]
Tensor[[], f32, cuda:1]
[0.1975]
[0.1975]
Tensor[[], f32, cuda:0]
Tensor[[], f32, cuda:1]
[0.2520]
[0.2520]
Tensor[[], f32, cuda:1]
Tensor[[], f32, cuda:0]
[0.2438]
[0.2438]
Tensor[[], f32, cuda:0]
Tensor[[], f32, cuda:1]
[0.0933]
[0.0933]
Tensor[[], f32, cuda:1]
Tensor[[], f32, cuda:0]
[0.1544]
[0.1544]
Tensor[[], f32, cuda:0]
Tensor[[], f32, cuda:1]
[0.0224]
[0.0224]
Tensor[[], f32, cuda:0]
Tensor[[], f32, cuda:1]
[0.1478]
[0.1478]
Tensor[[], f32, cuda:0]
Tensor[[], f32, cuda:1]
[0.0776]
[0.0776]
Tensor[[], f32, cuda:0]
Tensor[[], f32, cuda:1]
[0.0789]
[0.0789]
Tensor[[], f32, cuda:1]
Tensor[[], f32, cuda:0]
[0.0178]
[0.0178]
Tensor[[], f32, cuda:0]
Tensor[[], f32, cuda:1]
[0.1393]
[0.1393]
Tensor[[], f32, cuda:1]
Tensor[[], f32, cuda:0]
[0.2507]
[0.2507]
Tensor[[], f32, cuda:0]
Tensor[[], f32, cuda:1]
[0.0406]
[0.0406]
Tensor[[], f32, cuda:1]
Tensor[[], f32, cuda:0]
[2.3830]
[2.3830]
Tensor[[], f32, cuda:1]
Tensor[[], f32, cuda:0]
[3.2605]
[3.2605]
Tensor[[], f32, cuda:0]
Tensor[[], f32, cuda:1]
[1.4730]
[1.4730]
Tensor[[], f32, cuda:0]
Tensor[[], f32, cuda:1]
[1.8160]
[1.8160]
Tensor[[], f32, cuda:1]
Tensor[[], f32, cuda:0]
[1.3847]
[1.3847]
Tensor[[], f32, cuda:1]
Tensor[[], f32, cuda:0]
[0.6555]
[0.6555]
Tensor[[], f32, cuda:0]
Tensor[[], f32, cuda:1]
[1.3933]
[1.3933]
Tensor[[], f32, cuda:1]
Tensor[[], f32, cuda:0]
[1.2419]
[1.2419]
Tensor[[], f32, cuda:1]
Tensor[[], f32, cuda:0]
[1.5622]
[1.5622]
Tensor[[], f32, cuda:1]
Tensor[[], f32, cuda:0]
[0.6526]
[0.6526]
Tensor[[], f32, cuda:0]
Tensor[[], f32, cuda:1]
[0.1338]
[0.1338]
Tensor[[], f32, cuda:1]
Tensor[[], f32, cuda:0]
[0.6815]
[0.6815]
Tensor[[], f32, cuda:0]
Tensor[[], f32, cuda:1]
[0.5910]
[0.5910]
Tensor[[], f32, cuda:0]
Tensor[[], f32, cuda:1]
[0.3665]
[0.3665]
Tensor[[], f32, cuda:1]
Tensor[[], f32, cuda:0]
[0.3182]
[0.3182]
Tensor[[], f32, cuda:0]
Tensor[[], f32, cuda:1]
[0.2020]
[0.2020]
Tensor[[], f32, cuda:0]
Tensor[[], f32, cuda:1]
[0.0876]
[0.0876]
Tensor[[], f32, cuda:0]
Tensor[[], f32, cuda:1]
[0.0978]
[0.0978]
Tensor[[], f32, cuda:1]
Tensor[[], f32, cuda:0]
[0.1850]
[0.1850]
Tensor[[], f32, cuda:0]
Tensor[[], f32, cuda:1]
[0.2053]
[0.2053]
Tensor[[], f32, cuda:0]
Tensor[[], f32, cuda:1]
[0.0923]
[0.0923]
Tensor[[], f32, cuda:1]
Tensor[[], f32, cuda:0]
[0.0251]
[0.0251]
Tensor[[], f32, cuda:0]
Tensor[[], f32, cuda:1]
[0.0439]
[0.0439]
Tensor[[], f32, cuda:0]
Tensor[[], f32, cuda:1]
[0.0255]
[0.0255]
Tensor[[], f32, cuda:1]
Tensor[[], f32, cuda:0]
[0.0592]
[0.0592]
Tensor[[], f32, cuda:0]
Tensor[[], f32, cuda:1]
[0.2088]
[0.2088]
Tensor[[], f32, cuda:0]
Tensor[[], f32, cuda:1]
[0.1232]
[0.1232]
Tensor[[], f32, cuda:0]
Tensor[[], f32, cuda:1]
[0.4696]
[0.4696]
Tensor[[], f32, cuda:1]
Tensor[[], f32, cuda:0]
[0.2129]
[0.2129]
Tensor[[], f32, cuda:0]
Tensor[[], f32, cuda:1]
[0.2929]
[0.2929]
Tensor[[], f32, cuda:0]
Tensor[[], f32, cuda:1]
[0.1567]
[0.1567]
Tensor[[], f32, cuda:0]
Tensor[[], f32, cuda:1]
[0.3118]
[0.3118]
Tensor[[], f32, cuda:0]
Tensor[[], f32, cuda:1]
[0.5584]
[0.5584]
Tensor[[], f32, cuda:1]
Tensor[[], f32, cuda:0]
[0.1998]
[0.1998]
Tensor[[], f32, cuda:0]
Tensor[[], f32, cuda:1]
[1.7077]
[1.7077]
Tensor[[], f32, cuda:1]
Tensor[[], f32, cuda:0]
[2.4591]
[2.4591]
Tensor[[], f32, cuda:0]
Tensor[[], f32, cuda:1]
[0.9750]
[0.9750]
Tensor[[], f32, cuda:1]
Tensor[[], f32, cuda:0]
[1.2555]
[1.2555]
Tensor[[], f32, cuda:0]
Tensor[[], f32, cuda:1]
[0.9288]
[0.9288]
Tensor[[], f32, cuda:1]
Tensor[[], f32, cuda:0]
[0.3532]
[0.3532]
Tensor[[], f32, cuda:1]
Tensor[[], f32, cuda:0]
[0.9471]
[0.9471]
Tensor[[], f32, cuda:0]
Tensor[[], f32, cuda:1]
[0.8241]
[0.8241]
Tensor[[], f32, cuda:0]
Tensor[[], f32, cuda:1]
[1.0946]
[1.0946]
Tensor[[], f32, cuda:0]
Tensor[[], f32, cuda:1]
[0.3861]
[0.3861]
Tensor[[], f32, cuda:1]
Tensor[[], f32, cuda:0]
[0.0368]
[0.0368]
Tensor[[], f32, cuda:0]
Tensor[[], f32, cuda:1]
[0.4427]
[0.4427]
Tensor[[], f32, cuda:0]
Tensor[[], f32, cuda:1]
[0.3464]
[0.3464]
Tensor[[], f32, cuda:1]
Tensor[[], f32, cuda:0]
[0.1866]
[0.1866]
Tensor[[], f32, cuda:0]
Tensor[[], f32, cuda:1]
[0.1791]
[0.1791]
Tensor[[], f32, cuda:0]
Tensor[[], f32, cuda:1]
[0.1108]
[0.1108]
Tensor[[], f32, cuda:1]
Tensor[[], f32, cuda:0]
[0.0292]
[0.0292]
Tensor[[], f32, cuda:1]
Tensor[[], f32, cuda:0]
[0.0630]
[0.0630]
Tensor[[], f32, cuda:0]
Tensor[[], f32, cuda:1]
[0.1936]
[0.1936]
Tensor[[], f32, cuda:0]
Tensor[[], f32, cuda:1]
[0.1117]
[0.1117]
Tensor[[], f32, cuda:1]
Tensor[[], f32, cuda:0]
[0.1470]
[0.1470]
Tensor[[], f32, cuda:0]
Tensor[[], f32, cuda:1]
[0.0275]
[0.0275]
Tensor[[], f32, cuda:0]
Tensor[[], f32, cuda:1]
[0.0290]
[0.0290]
Tensor[[], f32, cuda:0]
Tensor[[], f32, cuda:1]
[0.0033]
[0.0033]
Tensor[[], f32, cuda:0]
Tensor[[], f32, cuda:1]
[0.1044]
[0.1044]
Tensor[[], f32, cuda:0]
Tensor[[], f32, cuda:1]
[0.2832]
[0.2832]
Tensor[[], f32, cuda:0]
Tensor[[], f32, cuda:1]
[0.2109]
[0.2109]
Tensor[[], f32, cuda:0]
Tensor[[], f32, cuda:1]
[0.6344]
[0.6344]
Tensor[[], f32, cuda:0]
Tensor[[], f32, cuda:1]
[0.3048]
[0.3048]
Tensor[[], f32, cuda:1]
Tensor[[], f32, cuda:0]
[0.4086]
[0.4086]
Tensor[[], f32, cuda:1]
Tensor[[], f32, cuda:0]
[0.2414]
[0.2414]
Tensor[[], f32, cuda:0]
Tensor[[], f32, cuda:1]
[0.4040]
[0.4040]
Tensor[[], f32, cuda:1]
Tensor[[], f32, cuda:0]
[0.6926]
[0.6926]
Tensor[[], f32, cuda:1]
Tensor[[], f32, cuda:0]
[0.2802]
[0.2802]
Tensor[[], f32, cuda:1]
Tensor[[], f32, cuda:0]
[1.3914]
[1.3914]
Tensor[[], f32, cuda:1]
Tensor[[], f32, cuda:0]
[2.0765]
[2.0765]
Tensor[[], f32, cuda:1]
Tensor[[], f32, cuda:0]
[0.7553]
[0.7553]
Tensor[[], f32, cuda:0]
Tensor[[], f32, cuda:1]
[1.0040]
[1.0040]
Tensor[[], f32, cuda:1]
Tensor[[], f32, cuda:0]
[0.7327]
[0.7327]
Tensor[[], f32, cuda:1]
Tensor[[], f32, cuda:0]
[0.2358]
[0.2358]
Tensor[[], f32, cuda:1]
Tensor[[], f32, cuda:0]
[0.7574]
[0.7574]
Tensor[[], f32, cuda:0]
Tensor[[], f32, cuda:1]
[0.6495]
[0.6495]
Tensor[[], f32, cuda:1]
Tensor[[], f32, cuda:0]
[0.8970]
[0.8970]
Tensor[[], f32, cuda:0]
Tensor[[], f32, cuda:1]
[0.2866]
[0.2866]
Tensor[[], f32, cuda:0]
Tensor[[], f32, cuda:1]
[0.0173]
[0.0173]
Tensor[[], f32, cuda:1]
Tensor[[], f32, cuda:0]
[0.3560]
[0.3560]
Tensor[[], f32, cuda:0]
Tensor[[], f32, cuda:1]
[0.2575]
[0.2575]
Tensor[[], f32, cuda:1]
Tensor[[], f32, cuda:0]
[0.1272]
[0.1272]
Tensor[[], f32, cuda:0]
Tensor[[], f32, cuda:1]
[0.1377]
[0.1377]
Tensor[[], f32, cuda:1]
Tensor[[], f32, cuda:0]
[0.0896]
[0.0896]
Tensor[[], f32, cuda:0]
Tensor[[], f32, cuda:1]
[0.0210]
[0.0210]
Tensor[[], f32, cuda:0]
Tensor[[], f32, cuda:1]
[0.0636]
[0.0636]
Tensor[[], f32, cuda:1]
Tensor[[], f32, cuda:0]
[0.2104]
[0.2104]
Tensor[[], f32, cuda:0]
Tensor[[], f32, cuda:1]
[0.0876]
[0.0876]
Tensor[[], f32, cuda:0]
Tensor[[], f32, cuda:1]
[0.1793]
[0.1793]
Tensor[[], f32, cuda:1]
Tensor[[], f32, cuda:0]
[0.0385]
[0.0385]
Tensor[[], f32, cuda:0]
Tensor[[], f32, cuda:1]
[0.0328]
[0.0328]
Tensor[[], f32, cuda:0]
Tensor[[], f32, cuda:1]
[0.0037]
[0.0037]
Tensor[[], f32, cuda:0]
Tensor[[], f32, cuda:1]
[0.1268]
[0.1268]
Tensor[[], f32, cuda:1]
Tensor[[], f32, cuda:0]
[0.3131]
[0.3131]
Tensor[[], f32, cuda:0]
Tensor[[], f32, cuda:1]
[0.2431]
[0.2431]
Tensor[[], f32, cuda:0]
Tensor[[], f32, cuda:1]
[0.6871]
[0.6871]
Tensor[[], f32, cuda:0]
Tensor[[], f32, cuda:1]
[0.3341]
[0.3341]
Tensor[[], f32, cuda:1]
Tensor[[], f32, cuda:0]
[0.4420]
[0.4420]
Tensor[[], f32, cuda:0]
Tensor[[], f32, cuda:1]
[0.2646]
[0.2646]
Tensor[[], f32, cuda:0]
Tensor[[], f32, cuda:1]
[0.4267]
[0.4267]
Tensor[[], f32, cuda:1]
Tensor[[], f32, cuda:0]
[0.7215]
[0.7215]
Tensor[[], f32, cuda:0]
Tensor[[], f32, cuda:1]
[0.2968]
[0.2968]
Tensor[[], f32, cuda:1]
Tensor[[], f32, cuda:0]
[1.2078]
[1.2078]
Tensor[[], f32, cuda:0]
Tensor[[], f32, cuda:1]
[1.8522]
[1.8522]
Tensor[[], f32, cuda:1]
Tensor[[], f32, cuda:0]
[0.6343]
[0.6343]
Tensor[[], f32, cuda:0]
Tensor[[], f32, cuda:1]
[0.8643]
[0.8643]
Tensor[[], f32, cuda:0]
Tensor[[], f32, cuda:1]
[0.6277]
[0.6277]
Tensor[[], f32, cuda:1]
Tensor[[], f32, cuda:0]
[0.1779]
[0.1779]
Tensor[[], f32, cuda:0]
Tensor[[], f32, cuda:1]
[0.6578]
[0.6578]
Tensor[[], f32, cuda:1]
Tensor[[], f32, cuda:0]
[0.5597]
[0.5597]
Tensor[[], f32, cuda:0]
Tensor[[], f32, cuda:1]
[0.7956]
[0.7956]
Tensor[[], f32, cuda:0]
Tensor[[], f32, cuda:1]
[0.2402]
[0.2402]
Tensor[[], f32, cuda:1]
Tensor[[], f32, cuda:0]
[0.0138]
[0.0138]
Tensor[[], f32, cuda:0]
Tensor[[], f32, cuda:1]
[0.3171]
[0.3171]
Tensor[[], f32, cuda:1]
Tensor[[], f32, cuda:0]
[0.2183]
[0.2183]
Tensor[[], f32, cuda:0]
Tensor[[], f32, cuda:1]
[0.1031]
[0.1031]
Tensor[[], f32, cuda:0]
Tensor[[], f32, cuda:1]
[0.1227]
[0.1227]
Tensor[[], f32, cuda:0]
Tensor[[], f32, cuda:1]
[0.0835]
[0.0835]
Tensor[[], f32, cuda:0]
Tensor[[], f32, cuda:1]
[0.0204]
[0.0204]
Tensor[[], f32, cuda:0]
Tensor[[], f32, cuda:1]
[0.0663]
[0.0663]
Tensor[[], f32, cuda:1]
Tensor[[], f32, cuda:0]
[0.2186]
[0.2186]
Tensor[[], f32, cuda:0]
Tensor[[], f32, cuda:1]
[0.0808]
[0.0808]
Tensor[[], f32, cuda:1]
Tensor[[], f32, cuda:0]
[0.1914]
[0.1914]
Tensor[[], f32, cuda:0]
Tensor[[], f32, cuda:1]
[0.0429]
[0.0429]
Tensor[[], f32, cuda:0]
Tensor[[], f32, cuda:1]
[0.0347]
[0.0347]
Tensor[[], f32, cuda:0]
Tensor[[], f32, cuda:1]
[0.0044]
[0.0044]
Tensor[[], f32, cuda:1]
Tensor[[], f32, cuda:0]
[0.1313]
[0.1313]
Tensor[[], f32, cuda:0]
Tensor[[], f32, cuda:1]
[0.3170]
[0.3170]
Tensor[[], f32, cuda:1]
Tensor[[], f32, cuda:0]
[0.2455]
[0.2455]
Tensor[[], f32, cuda:1]
Tensor[[], f32, cuda:0]
[0.6877]
[0.6877]
Tensor[[], f32, cuda:0]
Tensor[[], f32, cuda:1]
[0.3320]
[0.3320]
Tensor[[], f32, cuda:0]
Tensor[[], f32, cuda:1]
[0.4366]
[0.4366]
Tensor[[], f32, cuda:0]
Tensor[[], f32, cuda:1]
[0.2582]
[0.2582]
Tensor[[], f32, cuda:0]
Tensor[[], f32, cuda:1]
[0.4170]
[0.4170]
Tensor[[], f32, cuda:1]
Tensor[[], f32, cuda:0]
[0.7044]
[0.7044]
Tensor[[], f32, cuda:0]
Tensor[[], f32, cuda:1]
[0.2845]
[0.2845]
Tensor[[], f32, cuda:1]
Tensor[[], f32, cuda:0]
[1.0797]
[1.0797]
Tensor[[], f32, cuda:1]
Tensor[[], f32, cuda:0]
[1.6944]
[1.6944]
Tensor[[], f32, cuda:1]
Tensor[[], f32, cuda:0]
[0.5532]
[0.5532]
Tensor[[], f32, cuda:0]
Tensor[[], f32, cuda:1]
[0.7701]
[0.7701]
Tensor[[], f32, cuda:0]
Tensor[[], f32, cuda:1]
[0.5590]
[0.5590]
Tensor[[], f32, cuda:1]
Tensor[[], f32, cuda:0]
[0.1426]
[0.1426]
Tensor[[], f32, cuda:0]
Tensor[[], f32, cuda:1]
[0.5938]
[0.5938]
Tensor[[], f32, cuda:0]
Tensor[[], f32, cuda:1]
[0.5031]
[0.5031]
Tensor[[], f32, cuda:0]
Tensor[[], f32, cuda:1]
[0.7322]
[0.7322]
Tensor[[], f32, cuda:1]
Tensor[[], f32, cuda:0]
[0.2134]
[0.2134]
Tensor[[], f32, cuda:0]
Tensor[[], f32, cuda:1]
[0.0139]
[0.0139]
Tensor[[], f32, cuda:1]
Tensor[[], f32, cuda:0]
[0.2955]
[0.2955]
Tensor[[], f32, cuda:0]
Tensor[[], f32, cuda:1]
[0.1971]
[0.1971]
Tensor[[], f32, cuda:1]
Tensor[[], f32, cuda:0]
[0.0912]
[0.0912]
Tensor[[], f32, cuda:0]
Tensor[[], f32, cuda:1]
[0.1160]
[0.1160]
Tensor[[], f32, cuda:1]
Tensor[[], f32, cuda:0]
[0.0813]
[0.0813]
Tensor[[], f32, cuda:0]
Tensor[[], f32, cuda:1]
[0.0207]
[0.0207]
Tensor[[], f32, cuda:1]
Tensor[[], f32, cuda:0]
[0.0676]
[0.0676]
Tensor[[], f32, cuda:0]
Tensor[[], f32, cuda:1]
[0.2212]
[0.2212]
Tensor[[], f32, cuda:1]
Tensor[[], f32, cuda:0]
[0.0791]
[0.0791]
Tensor[[], f32, cuda:0]
Tensor[[], f32, cuda:1]
[0.1936]
[0.1936]
Tensor[[], f32, cuda:0]
Tensor[[], f32, cuda:1]
[0.0430]
[0.0430]
Tensor[[], f32, cuda:0]
Tensor[[], f32, cuda:1]
[0.0346]
[0.0346]
Tensor[[], f32, cuda:0]
Tensor[[], f32, cuda:1]
[0.0042]
[0.0042]
Tensor[[], f32, cuda:0]
Tensor[[], f32, cuda:1]
[0.1279]
[0.1279]
Tensor[[], f32, cuda:0]
Tensor[[], f32, cuda:1]
[0.3098]
[0.3098]
Tensor[[], f32, cuda:0]
Tensor[[], f32, cuda:1]
[0.2355]
[0.2355]
Tensor[[], f32, cuda:1]
Tensor[[], f32, cuda:0]
[0.6673]
[0.6673]
Tensor[[], f32, cuda:0]
Tensor[[], f32, cuda:1]
[0.3174]
[0.3174]
Tensor[[], f32, cuda:1]
Tensor[[], f32, cuda:0]
[0.4161]
[0.4161]
Tensor[[], f32, cuda:0]
Tensor[[], f32, cuda:1]
[0.2404]
[0.2404]
Tensor[[], f32, cuda:1]
Tensor[[], f32, cuda:0]
[0.3953]
[0.3953]
Tensor[[], f32, cuda:0]
Tensor[[], f32, cuda:1]
[0.6700]
[0.6700]
Tensor[[], f32, cuda:1]
Tensor[[], f32, cuda:0]
[0.2617]
[0.2617]
Tensor[[], f32, cuda:0]
Tensor[[], f32, cuda:1]
[0.9782]
[0.9782]
Tensor[[], f32, cuda:0]
Tensor[[], f32, cuda:1]
[1.5681]
[1.5681]
Tensor[[], f32, cuda:0]
Tensor[[], f32, cuda:1]
[0.4908]
[0.4908]
Tensor[[], f32, cuda:1]
Tensor[[], f32, cuda:0]
[0.6970]
[0.6970]
Tensor[[], f32, cuda:0]
Tensor[[], f32, cuda:1]
[0.5068]
[0.5068]
Tensor[[], f32, cuda:0]
Tensor[[], f32, cuda:1]
[0.1172]
[0.1172]
Tensor[[], f32, cuda:0]
Tensor[[], f32, cuda:1]
[0.5456]
[0.5456]
Tensor[[], f32, cuda:0]
Tensor[[], f32, cuda:1]
[0.4611]
[0.4611]
Tensor[[], f32, cuda:1]
Tensor[[], f32, cuda:0]
[0.6855]
[0.6855]
Tensor[[], f32, cuda:0]
Tensor[[], f32, cuda:1]
[0.1947]
[0.1947]
Tensor[[], f32, cuda:1]
Tensor[[], f32, cuda:0]
[0.0152]
[0.0152]
Tensor[[], f32, cuda:0]
Tensor[[], f32, cuda:1]
[0.2809]
[0.2809]
Tensor[[], f32, cuda:0]
Tensor[[], f32, cuda:1]
[0.1833]
[0.1833]
Tensor[[], f32, cuda:1]
Tensor[[], f32, cuda:0]
[0.0839]
[0.0839]
Tensor[[], f32, cuda:0]
Tensor[[], f32, cuda:1]
[0.1125]
[0.1125]
Tensor[[], f32, cuda:1]
Tensor[[], f32, cuda:0]
[0.0803]
[0.0803]
Tensor[[], f32, cuda:0]
Tensor[[], f32, cuda:1]
[0.0209]
[0.0209]
Tensor[[], f32, cuda:0]
Tensor[[], f32, cuda:1]
[0.0680]
[0.0680]
Tensor[[], f32, cuda:1]
Tensor[[], f32, cuda:0]
[0.2213]
[0.2213]
Tensor[[], f32, cuda:0]
Tensor[[], f32, cuda:1]
[0.0794]
[0.0794]
Tensor[[], f32, cuda:0]
Tensor[[], f32, cuda:1]
[0.1917]
[0.1917]
Tensor[[], f32, cuda:0]
Tensor[[], f32, cuda:1]
[0.0414]
[0.0414]
Tensor[[], f32, cuda:0]
Tensor[[], f32, cuda:1]
[0.0337]
[0.0337]
Tensor[[], f32, cuda:1]
Tensor[[], f32, cuda:0]
[0.0037]
[0.0037]
Tensor[[], f32, cuda:0]
Tensor[[], f32, cuda:1]
[0.1216]
[0.1216]
Tensor[[], f32, cuda:1]
Tensor[[], f32, cuda:0]
[0.2987]
[0.2987]
Tensor[[], f32, cuda:0]
Tensor[[], f32, cuda:1]
[0.2213]
[0.2213]
Tensor[[], f32, cuda:1]
Tensor[[], f32, cuda:0]
[0.6396]
[0.6396]
Tensor[[], f32, cuda:1]
Tensor[[], f32, cuda:0]
[0.2989]
[0.2989]
Tensor[[], f32, cuda:0]
Tensor[[], f32, cuda:1]
[0.3909]
[0.3909]
Tensor[[], f32, cuda:1]
Tensor[[], f32, cuda:0]
[0.2194]
[0.2194]
Tensor[[], f32, cuda:1]
Tensor[[], f32, cuda:0]
[0.3702]
[0.3702]
Tensor[[], f32, cuda:0]
Tensor[[], f32, cuda:1]
[0.6308]
[0.6308]
Tensor[[], f32, cuda:1]
Tensor[[], f32, cuda:0]
[0.2364]
[0.2364]
Tensor[[], f32, cuda:0]
Tensor[[], f32, cuda:1]
[0.8918]
[0.8918]
Tensor[[], f32, cuda:1]
Tensor[[], f32, cuda:0]
[1.4592]
[1.4592]
Tensor[[], f32, cuda:1]
Tensor[[], f32, cuda:0]
[0.4388]
[0.4388]
Tensor[[], f32, cuda:0]
Tensor[[], f32, cuda:1]
[0.6352]
[0.6352]
Tensor[[], f32, cuda:0]
Tensor[[], f32, cuda:1]
[0.4634]
[0.4634]
Tensor[[], f32, cuda:1]
Tensor[[], f32, cuda:0]
[0.0972]
[0.0972]
Tensor[[], f32, cuda:0]
Tensor[[], f32, cuda:1]
[0.5055]
[0.5055]
Tensor[[], f32, cuda:1]
Tensor[[], f32, cuda:0]
[0.4264]
[0.4264]
Tensor[[], f32, cuda:0]
Tensor[[], f32, cuda:1]
[0.6468]
[0.6468]
Tensor[[], f32, cuda:1]
Tensor[[], f32, cuda:0]
[0.1800]
[0.1800]
Tensor[[], f32, cuda:1]
Tensor[[], f32, cuda:0]
[0.0170]
[0.0170]
Tensor[[], f32, cuda:0]
Tensor[[], f32, cuda:1]
[0.2695]
[0.2695]
Tensor[[], f32, cuda:0]
Tensor[[], f32, cuda:1]
[0.1727]
[0.1727]
Tensor[[], f32, cuda:0]
Tensor[[], f32, cuda:1]
[0.0786]
[0.0786]
Tensor[[], f32, cuda:0]
Tensor[[], f32, cuda:1]
[0.1102]
[0.1102]
Tensor[[], f32, cuda:1]
Tensor[[], f32, cuda:0]
[0.0797]
[0.0797]
Tensor[[], f32, cuda:0]
Tensor[[], f32, cuda:1]
[0.0211]
[0.0211]
Tensor[[], f32, cuda:1]
Tensor[[], f32, cuda:0]
[0.0679]
[0.0679]
Tensor[[], f32, cuda:0]
Tensor[[], f32, cuda:1]
[0.2203]
[0.2203]
Tensor[[], f32, cuda:0]
Tensor[[], f32, cuda:1]
[0.0805]
[0.0805]
Tensor[[], f32, cuda:1]
Tensor[[], f32, cuda:0]
[0.1883]
[0.1883]
Tensor[[], f32, cuda:0]
Tensor[[], f32, cuda:1]
[0.0393]
[0.0393]
Tensor[[], f32, cuda:1]
Tensor[[], f32, cuda:0]
[0.0326]
[0.0326]
Tensor[[], f32, cuda:0]
Tensor[[], f32, cuda:1]
[0.0033]
[0.0033]
Tensor[[], f32, cuda:0]
Tensor[[], f32, cuda:1]
[0.1145]
[0.1145]
Tensor[[], f32, cuda:0]
Tensor[[], f32, cuda:1]
[0.2868]
[0.2868]
Tensor[[], f32, cuda:1]
Tensor[[], f32, cuda:0]
[0.2063]
[0.2063]
Tensor[[], f32, cuda:1]
Tensor[[], f32, cuda:0]
[0.6103]
[0.6103]
Tensor[[], f32, cuda:0]
Tensor[[], f32, cuda:1]
[0.2799]
[0.2799]
Tensor[[], f32, cuda:1]
Tensor[[], f32, cuda:0]
[0.3651]
[0.3651]
Tensor[[], f32, cuda:0]
Tensor[[], f32, cuda:1]
[0.1984]
[0.1984]
Tensor[[], f32, cuda:1]
Tensor[[], f32, cuda:0]
[0.3453]
[0.3453]
Tensor[[], f32, cuda:1]
Tensor[[], f32, cuda:0]
[0.5915]
[0.5915]
Tensor[[], f32, cuda:0]
Tensor[[], f32, cuda:1]
[0.2117]
[0.2117]
Tensor[[], f32, cuda:0]
Tensor[[], f32, cuda:1]
[0.8155]
[0.8155]
Tensor[[], f32, cuda:0]
Tensor[[], f32, cuda:1]
[1.3618]
[1.3618]
Tensor[[], f32, cuda:0]
Tensor[[], f32, cuda:1]
[0.3938]
[0.3938]
Tensor[[], f32, cuda:1]
Tensor[[], f32, cuda:0]
[0.5808]
[0.5808]
Tensor[[], f32, cuda:0]
Tensor[[], f32, cuda:1]
[0.4257]
[0.4257]
Tensor[[], f32, cuda:0]
Tensor[[], f32, cuda:1]
[0.0807]
[0.0807]
Tensor[[], f32, cuda:1]
Tensor[[], f32, cuda:0]
[0.4704]
[0.4704]
Tensor[[], f32, cuda:0]
Tensor[[], f32, cuda:1]
[0.3960]
[0.3960]
Tensor[[], f32, cuda:1]
Tensor[[], f32, cuda:0]
[0.6128]
[0.6128]
Tensor[[], f32, cuda:0]
Tensor[[], f32, cuda:1]
[0.1675]
[0.1675]
Tensor[[], f32, cuda:1]
Tensor[[], f32, cuda:0]
[0.0192]
[0.0192]
Tensor[[], f32, cuda:0]
Tensor[[], f32, cuda:1]
[0.2599]
[0.2599]
Tensor[[], f32, cuda:0]
Tensor[[], f32, cuda:1]
[0.1638]
[0.1638]
Tensor[[], f32, cuda:1]
Tensor[[], f32, cuda:0]
[0.0743]
[0.0743]
Tensor[[], f32, cuda:0]
Tensor[[], f32, cuda:1]
[0.1085]
[0.1085]
Tensor[[], f32, cuda:0]
Tensor[[], f32, cuda:1]
[0.0793]
[0.0793]
Tensor[[], f32, cuda:0]
Tensor[[], f32, cuda:1]
[0.0211]
[0.0211]
Tensor[[], f32, cuda:1]
Tensor[[], f32, cuda:0]
[0.0677]
[0.0677]
Tensor[[], f32, cuda:0]
Tensor[[], f32, cuda:1]
[0.2190]
[0.2190]
Tensor[[], f32, cuda:1]
Tensor[[], f32, cuda:0]
[0.0818]
[0.0818]
Tensor[[], f32, cuda:0]
Tensor[[], f32, cuda:1]
[0.1844]
[0.1844]
Tensor[[], f32, cuda:0]
Tensor[[], f32, cuda:1]
[0.0371]
[0.0371]
Tensor[[], f32, cuda:0]
Tensor[[], f32, cuda:1]
[0.0317]
[0.0317]
Tensor[[], f32, cuda:0]
Tensor[[], f32, cuda:1]
[0.0032]
[0.0032]
Tensor[[], f32, cuda:0]
Tensor[[], f32, cuda:1]
[0.1077]
[0.1077]
Tensor[[], f32, cuda:1]
Tensor[[], f32, cuda:0]
[0.2751]
[0.2751]
Tensor[[], f32, cuda:0]
Tensor[[], f32, cuda:1]
[0.1917]
[0.1917]
Tensor[[], f32, cuda:0]
Tensor[[], f32, cuda:1]
[0.5815]
[0.5815]
Tensor[[], f32, cuda:0]
Tensor[[], f32, cuda:1]
[0.2618]
[0.2618]
Tensor[[], f32, cuda:0]
Tensor[[], f32, cuda:1]
[0.3404]
[0.3404]
Tensor[[], f32, cuda:0]
Tensor[[], f32, cuda:1]
[0.1787]
[0.1787]
Tensor[[], f32, cuda:0]
Tensor[[], f32, cuda:1]
[0.3219]
[0.3219]
Tensor[[], f32, cuda:1]
Tensor[[], f32, cuda:0]
[0.5541]
[0.5541]
Tensor[[], f32, cuda:0]
Tensor[[], f32, cuda:1]
[0.1887]
[0.1887]
Tensor[[], f32, cuda:0]
Tensor[[], f32, cuda:1]
Running "module reset". Resetting modules to system default. The following $MODULEPATH directories have been removed: None
